Added Component: Designator=BAT1(CR1220-B)
Add component. Clean all parameters for all variants
Added Component: Designator=C1(0603C)
Add component. Clean all parameters for all variants
Added Component: Designator=C2(0603C)
Add component. Clean all parameters for all variants
Added Component: Designator=C3(0603C)
Add component. Clean all parameters for all variants
Added Component: Designator=C4(0603C)
Add component. Clean all parameters for all variants
Added Component: Designator=C5(0603C)
Add component. Clean all parameters for all variants
Added Component: Designator=C6(0603C)
Add component. Clean all parameters for all variants
Added Component: Designator=C7(0603C)
Add component. Clean all parameters for all variants
Added Component: Designator=C8(0603C)
Add component. Clean all parameters for all variants
Added Component: Designator=C9(0603C)
Add component. Clean all parameters for all variants
Added Component: Designator=C10(0603C)
Add component. Clean all parameters for all variants
Added Component: Designator=C11(0603C)
Add component. Clean all parameters for all variants
Added Component: Designator=C12(0603C)
Add component. Clean all parameters for all variants
Added Component: Designator=C13(0603C)
Add component. Clean all parameters for all variants
Added Component: Designator=C14(0603C)
Add component. Clean all parameters for all variants
Added Component: Designator=C15(0603C)
Add component. Clean all parameters for all variants
Added Component: Designator=D1(SMA/DO-214AC)
Add component. Clean all parameters for all variants
Added Component: Designator=EC1(SMD-EC3.0X3.3X5.4)
Add component. Clean all parameters for all variants
Added Component: Designator=IV1(NEWIV18-正向)
Add component. Clean all parameters for all variants
Added Component: Designator=J1(Pin HDR2X5/2.54mm-S)
Add component. Clean all parameters for all variants
Added Component: Designator=J2(Pin HDR1X4/2.54mm-S)
Add component. Clean all parameters for all variants
Added Component: Designator=J3(铜柱定位孔)
Add component. Clean all parameters for all variants
Added Component: Designator=J4(铜柱定位孔)
Add component. Clean all parameters for all variants
Added Component: Designator=J5(铜柱定位孔)
Add component. Clean all parameters for all variants
Added Component: Designator=K1(SMD-3X6X2.5)
Add component. Clean all parameters for all variants
Added Component: Designator=K2(SMD-3X6X2.5)
Add component. Clean all parameters for all variants
Added Component: Designator=K3(SMD4)
Add component. Clean all parameters for all variants
Added Component: Designator=L1(CD32)
Add component. Clean all parameters for all variants
Added Component: Designator=M1(ESP-12S Module)
Add component. Clean all parameters for all variants
Added Component: Designator=Q1(TO252)
Add component. Clean all parameters for all variants
Added Component: Designator=Q2(SOT-23)
Add component. Clean all parameters for all variants
Added Component: Designator=Q3(SOT-23)
Add component. Clean all parameters for all variants
Added Component: Designator=Q4(SOT-23)
Add component. Clean all parameters for all variants
Added Component: Designator=R1(0603R)
Add component. Clean all parameters for all variants
Added Component: Designator=R2(0603R)
Add component. Clean all parameters for all variants
Added Component: Designator=R3(0603R)
Add component. Clean all parameters for all variants
Added Component: Designator=R4(0603R)
Add component. Clean all parameters for all variants
Added Component: Designator=R5(0603R)
Add component. Clean all parameters for all variants
Added Component: Designator=R6(0603R)
Add component. Clean all parameters for all variants
Added Component: Designator=R7(0603R)
Add component. Clean all parameters for all variants
Added Component: Designator=R8(0603R)
Add component. Clean all parameters for all variants
Added Component: Designator=R9(0603R)
Add component. Clean all parameters for all variants
Added Component: Designator=R10(0603R)
Add component. Clean all parameters for all variants
Added Component: Designator=R11(0603R)
Add component. Clean all parameters for all variants
Added Component: Designator=R12(0603R)
Add component. Clean all parameters for all variants
Added Component: Designator=R13(0603R)
Add component. Clean all parameters for all variants
Added Component: Designator=R14(0603R)
Add component. Clean all parameters for all variants
Added Component: Designator=R15(0603R)
Add component. Clean all parameters for all variants
Added Component: Designator=R16(0603R)
Add component. Clean all parameters for all variants
Added Component: Designator=R17(0603R)
Add component. Clean all parameters for all variants
Added Component: Designator=R18(0603R)
Add component. Clean all parameters for all variants
Added Component: Designator=TC1(TAJ-A/3216)
Add component. Clean all parameters for all variants
Added Component: Designator=TC2(TAJ-A/3216)
Add component. Clean all parameters for all variants
Added Component: Designator=TC3(TAJ-A/3216)
Add component. Clean all parameters for all variants
Added Component: Designator=TC4(TAJ-A/3216)
Add component. Clean all parameters for all variants
Added Component: Designator=TC5(TAJ-A/3216)
Add component. Clean all parameters for all variants
Added Component: Designator=U1(SOIC_28W)
Add component. Clean all parameters for all variants
Added Component: Designator=U2(SOP8)
Add component. Clean all parameters for all variants
Added Component: Designator=U3(SOP16)
Add component. Clean all parameters for all variants
Added Component: Designator=U4(SOT223)
Add component. Clean all parameters for all variants
Added Component: Designator=U5(TSSOP14)
Add component. Clean all parameters for all variants
Added Component: Designator=U6(SOT223)
Add component. Clean all parameters for all variants
Added Component: Designator=U7(SOP8)
Add component. Clean all parameters for all variants
Added Component: Designator=U8(SHT-20)
Add component. Clean all parameters for all variants
Added Component: Designator=USB1(USB-MICRO_A)
Add component. Clean all parameters for all variants
Added Pin To Net: NetName=3V3 Pin=C9-2
Added Pin To Net: NetName=3V3 Pin=C11-2
Added Pin To Net: NetName=3V3 Pin=C12-2
Added Pin To Net: NetName=3V3 Pin=C13-2
Added Pin To Net: NetName=3V3 Pin=C14-2
Added Pin To Net: NetName=3V3 Pin=M1-8
Added Pin To Net: NetName=3V3 Pin=R10-2
Added Pin To Net: NetName=3V3 Pin=R12-2
Added Pin To Net: NetName=3V3 Pin=R13-2
Added Pin To Net: NetName=3V3 Pin=R14-1
Added Pin To Net: NetName=3V3 Pin=R15-2
Added Pin To Net: NetName=3V3 Pin=R16-2
Added Pin To Net: NetName=3V3 Pin=TC3-1
Added Pin To Net: NetName=3V3 Pin=TC5-1
Added Pin To Net: NetName=3V3 Pin=U4-2
Added Pin To Net: NetName=3V3 Pin=U4-2
Added Pin To Net: NetName=3V3 Pin=U6-2
Added Pin To Net: NetName=3V3 Pin=U6-2
Added Pin To Net: NetName=3V3 Pin=U7-2
Added Pin To Net: NetName=3V3 Pin=U8-5
Added Net: Name=3V3
Added Pin To Net: NetName=a Pin=IV1-12
Added Pin To Net: NetName=a Pin=U1-26
Added Net: Name=a
Added Pin To Net: NetName=BLANKING Pin=M1-4
Added Pin To Net: NetName=BLANKING Pin=U5-2
Added Net: Name=BLANKING
Added Pin To Net: NetName=b Pin=IV1-10
Added Pin To Net: NetName=b Pin=U1-25
Added Net: Name=b
Added Pin To Net: NetName=CLOCK Pin=M1-6
Added Pin To Net: NetName=CLOCK Pin=U5-9
Added Net: Name=CLOCK
Added Pin To Net: NetName=c Pin=IV1-4
Added Pin To Net: NetName=c Pin=U1-24
Added Net: Name=c
Added Pin To Net: NetName=D2+ Pin=J1-6
Added Net: Name=D2+
Added Pin To Net: NetName=D2- Pin=J1-4
Added Net: Name=D2-
Added Pin To Net: NetName=D+ Pin=J1-5
Added Pin To Net: NetName=D+ Pin=U3-5
Added Pin To Net: NetName=D+ Pin=USB1-3
Added Net: Name=D+
Added Pin To Net: NetName=D- Pin=J1-3
Added Pin To Net: NetName=D- Pin=U3-6
Added Pin To Net: NetName=D- Pin=USB1-2
Added Net: Name=D-
Added Pin To Net: NetName=DIN Pin=M1-7
Added Pin To Net: NetName=DIN Pin=U5-12
Added Net: Name=DIN
Added Pin To Net: NetName=d Pin=IV1-3
Added Pin To Net: NetName=d Pin=U1-23
Added Net: Name=d
Added Pin To Net: NetName=DTR Pin=Q3-E
Added Pin To Net: NetName=DTR Pin=R9-2
Added Pin To Net: NetName=DTR Pin=U3-13
Added Net: Name=DTR
Added Pin To Net: NetName=EN Pin=M1-3
Added Net: Name=EN
Added Pin To Net: NetName=e Pin=IV1-5
Added Pin To Net: NetName=e Pin=U1-22
Added Net: Name=e
Added Pin To Net: NetName=f Pin=IV1-11
Added Pin To Net: NetName=f Pin=U1-21
Added Net: Name=f
Added Pin To Net: NetName=G1 Pin=IV1-15
Added Pin To Net: NetName=G1 Pin=U1-6
Added Net: Name=G1
Added Pin To Net: NetName=G2 Pin=IV1-22
Added Pin To Net: NetName=G2 Pin=U1-18
Added Net: Name=G2
Added Pin To Net: NetName=G3 Pin=IV1-16
Added Pin To Net: NetName=G3 Pin=U1-17
Added Net: Name=G3
Added Pin To Net: NetName=G4 Pin=IV1-21
Added Pin To Net: NetName=G4 Pin=U1-12
Added Net: Name=G4
Added Pin To Net: NetName=G5 Pin=IV1-17
Added Pin To Net: NetName=G5 Pin=U1-11
Added Net: Name=G5
Added Pin To Net: NetName=G6 Pin=IV1-20
Added Pin To Net: NetName=G6 Pin=U1-10
Added Net: Name=G6
Added Pin To Net: NetName=G7 Pin=IV1-19
Added Pin To Net: NetName=G7 Pin=U1-9
Added Net: Name=G7
Added Pin To Net: NetName=G8 Pin=IV1-18
Added Pin To Net: NetName=G8 Pin=U1-8
Added Net: Name=G8
Added Pin To Net: NetName=G9 Pin=IV1-14
Added Pin To Net: NetName=G9 Pin=U1-7
Added Net: Name=G9
Added Pin To Net: NetName=GND Pin=BAT1-2
Added Pin To Net: NetName=GND Pin=C1-1
Added Pin To Net: NetName=GND Pin=C2-1
Added Pin To Net: NetName=GND Pin=C3-1
Added Pin To Net: NetName=GND Pin=C4-1
Added Pin To Net: NetName=GND Pin=C5-1
Added Pin To Net: NetName=GND Pin=C6-1
Added Pin To Net: NetName=GND Pin=C7-1
Added Pin To Net: NetName=GND Pin=C8-1
Added Pin To Net: NetName=GND Pin=C9-1
Added Pin To Net: NetName=GND Pin=C10-1
Added Pin To Net: NetName=GND Pin=C11-1
Added Pin To Net: NetName=GND Pin=C12-1
Added Pin To Net: NetName=GND Pin=C13-1
Added Pin To Net: NetName=GND Pin=C14-1
Added Pin To Net: NetName=GND Pin=C15-1
Added Pin To Net: NetName=GND Pin=EC1-2
Added Pin To Net: NetName=GND Pin=IV1-1
Added Pin To Net: NetName=GND Pin=J1-7
Added Pin To Net: NetName=GND Pin=J1-8
Added Pin To Net: NetName=GND Pin=K1-1
Added Pin To Net: NetName=GND Pin=K2-1
Added Pin To Net: NetName=GND Pin=M1-9
Added Pin To Net: NetName=GND Pin=M1-17
Added Pin To Net: NetName=GND Pin=Q1-S
Added Pin To Net: NetName=GND Pin=Q4-E
Added Pin To Net: NetName=GND Pin=R3-1
Added Pin To Net: NetName=GND Pin=R4-2
Added Pin To Net: NetName=GND Pin=R18-1
Added Pin To Net: NetName=GND Pin=TC1-2
Added Pin To Net: NetName=GND Pin=TC2-2
Added Pin To Net: NetName=GND Pin=TC3-2
Added Pin To Net: NetName=GND Pin=TC4-2
Added Pin To Net: NetName=GND Pin=TC5-2
Added Pin To Net: NetName=GND Pin=U1-14
Added Pin To Net: NetName=GND Pin=U2-4
Added Pin To Net: NetName=GND Pin=U3-1
Added Pin To Net: NetName=GND Pin=U4-1
Added Pin To Net: NetName=GND Pin=U5-1
Added Pin To Net: NetName=GND Pin=U5-4
Added Pin To Net: NetName=GND Pin=U5-7
Added Pin To Net: NetName=GND Pin=U5-10
Added Pin To Net: NetName=GND Pin=U5-13
Added Pin To Net: NetName=GND Pin=U6-1
Added Pin To Net: NetName=GND Pin=U7-5
Added Pin To Net: NetName=GND Pin=U8-2
Added Pin To Net: NetName=GND Pin=USB1-5
Added Pin To Net: NetName=GND Pin=USB1-5
Added Pin To Net: NetName=GND Pin=USB1-5
Added Net: Name=GND
Added Pin To Net: NetName=GPIO0 Pin=M1-12
Added Pin To Net: NetName=GPIO0 Pin=Q3-C
Added Pin To Net: NetName=GPIO0 Pin=R8-2
Added Net: Name=GPIO0
Added Pin To Net: NetName=GPIO2 Pin=M1-11
Added Pin To Net: NetName=GPIO2 Pin=R10-1
Added Net: Name=GPIO2
Added Pin To Net: NetName=GPIO15 Pin=M1-10
Added Pin To Net: NetName=GPIO15 Pin=R17-1
Added Net: Name=GPIO15
Added Pin To Net: NetName=g Pin=IV1-9
Added Pin To Net: NetName=g Pin=U1-20
Added Net: Name=g
Added Pin To Net: NetName=h Pin=IV1-2
Added Pin To Net: NetName=h Pin=U1-19
Added Net: Name=h
Added Pin To Net: NetName=HV_BLANKING Pin=U1-13
Added Pin To Net: NetName=HV_BLANKING Pin=U5-3
Added Net: Name=HV_BLANKING
Added Pin To Net: NetName=HV_CLOCK Pin=U1-15
Added Pin To Net: NetName=HV_CLOCK Pin=U5-8
Added Net: Name=HV_CLOCK
Added Pin To Net: NetName=HV_DIN Pin=U1-27
Added Pin To Net: NetName=HV_DIN Pin=U5-11
Added Net: Name=HV_DIN
Added Pin To Net: NetName=HV_STORBE Pin=U1-16
Added Pin To Net: NetName=HV_STORBE Pin=U5-6
Added Net: Name=HV_STORBE
Added Pin To Net: NetName=NetBAT1_1 Pin=BAT1-1
Added Pin To Net: NetName=NetBAT1_1 Pin=C15-2
Added Pin To Net: NetName=NetBAT1_1 Pin=U7-6
Added Net: Name=NetBAT1_1
Added Pin To Net: NetName=NetC4_2 Pin=C4-2
Added Pin To Net: NetName=NetC4_2 Pin=U2-3
Added Net: Name=NetC4_2
Added Pin To Net: NetName=NetC5_2 Pin=C5-2
Added Pin To Net: NetName=NetC5_2 Pin=R4-1
Added Pin To Net: NetName=NetC5_2 Pin=R5-1
Added Pin To Net: NetName=NetC5_2 Pin=U2-5
Added Net: Name=NetC5_2
Added Pin To Net: NetName=NetC7_2 Pin=C7-2
Added Pin To Net: NetName=NetC7_2 Pin=U3-4
Added Net: Name=NetC7_2
Added Pin To Net: NetName=NetD1_A Pin=D1-A
Added Pin To Net: NetName=NetD1_A Pin=L1-2
Added Pin To Net: NetName=NetD1_A Pin=Q1-D
Added Net: Name=NetD1_A
Added Pin To Net: NetName=NetK2_3 Pin=K2-3
Added Pin To Net: NetName=NetK2_3 Pin=R8-1
Added Net: Name=NetK2_3
Added Pin To Net: NetName=NetK3_1 Pin=K3-1
Added Pin To Net: NetName=NetK3_1 Pin=R14-2
Added Net: Name=NetK3_1
Added Pin To Net: NetName=NetK3_2 Pin=K3-2
Added Pin To Net: NetName=NetK3_2 Pin=Q4-C
Added Net: Name=NetK3_2
Added Pin To Net: NetName=NetL1_1 Pin=L1-1
Added Pin To Net: NetName=NetL1_1 Pin=R1-2
Added Pin To Net: NetName=NetL1_1 Pin=U2-1
Added Pin To Net: NetName=NetL1_1 Pin=U2-7
Added Pin To Net: NetName=NetL1_1 Pin=U2-8
Added Net: Name=NetL1_1
Added Pin To Net: NetName=NetQ1_G Pin=Q1-G
Added Pin To Net: NetName=NetQ1_G Pin=R2-2
Added Pin To Net: NetName=NetQ1_G Pin=R3-2
Added Net: Name=NetQ1_G
Added Pin To Net: NetName=NetQ2_B Pin=Q2-B
Added Pin To Net: NetName=NetQ2_B Pin=R9-1
Added Net: Name=NetQ2_B
Added Pin To Net: NetName=NetQ3_B Pin=Q3-B
Added Pin To Net: NetName=NetQ3_B Pin=R11-1
Added Net: Name=NetQ3_B
Added Pin To Net: NetName=NetQ4_B Pin=Q4-B
Added Pin To Net: NetName=NetQ4_B Pin=R17-2
Added Pin To Net: NetName=NetQ4_B Pin=R18-2
Added Net: Name=NetQ4_B
Added Pin To Net: NetName=NetR2_1 Pin=R2-1
Added Pin To Net: NetName=NetR2_1 Pin=U2-2
Added Net: Name=NetR2_1
Added Pin To Net: NetName=NetR6_2 Pin=R6-2
Added Pin To Net: NetName=NetR6_2 Pin=U3-2
Added Net: Name=NetR6_2
Added Pin To Net: NetName=NetR7_2 Pin=R7-2
Added Pin To Net: NetName=NetR7_2 Pin=U3-3
Added Net: Name=NetR7_2
Added Pin To Net: NetName=nRST Pin=K1-3
Added Pin To Net: NetName=nRST Pin=M1-1
Added Pin To Net: NetName=nRST Pin=Q2-C
Added Net: Name=nRST
Added Pin To Net: NetName=PWRSW1 Pin=J2-1
Added Pin To Net: NetName=PWRSW1 Pin=J2-3
Added Pin To Net: NetName=PWRSW1 Pin=K3-4
Added Net: Name=PWRSW1
Added Pin To Net: NetName=PWRSW2 Pin=J2-2
Added Pin To Net: NetName=PWRSW2 Pin=J2-4
Added Pin To Net: NetName=PWRSW2 Pin=K3-3
Added Net: Name=PWRSW2
Added Pin To Net: NetName=RTS Pin=Q2-E
Added Pin To Net: NetName=RTS Pin=R11-2
Added Pin To Net: NetName=RTS Pin=U3-14
Added Net: Name=RTS
Added Pin To Net: NetName=RXD0 Pin=M1-15
Added Pin To Net: NetName=RXD0 Pin=R6-1
Added Net: Name=RXD0
Added Pin To Net: NetName=SCL Pin=M1-14
Added Pin To Net: NetName=SCL Pin=R12-1
Added Pin To Net: NetName=SCL Pin=R16-1
Added Pin To Net: NetName=SCL Pin=U7-8
Added Pin To Net: NetName=SCL Pin=U8-6
Added Net: Name=SCL
Added Pin To Net: NetName=SDA Pin=M1-13
Added Pin To Net: NetName=SDA Pin=R13-1
Added Pin To Net: NetName=SDA Pin=R15-1
Added Pin To Net: NetName=SDA Pin=U7-7
Added Pin To Net: NetName=SDA Pin=U8-1
Added Net: Name=SDA
Added Pin To Net: NetName=STORBE Pin=M1-5
Added Pin To Net: NetName=STORBE Pin=U5-5
Added Net: Name=STORBE
Added Pin To Net: NetName=TXD0 Pin=M1-16
Added Pin To Net: NetName=TXD0 Pin=R7-1
Added Net: Name=TXD0
Added Pin To Net: NetName=VCC Pin=C1-2
Added Pin To Net: NetName=VCC Pin=C2-2
Added Pin To Net: NetName=VCC Pin=C6-2
Added Pin To Net: NetName=VCC Pin=C8-2
Added Pin To Net: NetName=VCC Pin=C10-2
Added Pin To Net: NetName=VCC Pin=IV1-13
Added Pin To Net: NetName=VCC Pin=J1-1
Added Pin To Net: NetName=VCC Pin=J1-2
Added Pin To Net: NetName=VCC Pin=R1-1
Added Pin To Net: NetName=VCC Pin=TC1-1
Added Pin To Net: NetName=VCC Pin=TC2-1
Added Pin To Net: NetName=VCC Pin=TC4-1
Added Pin To Net: NetName=VCC Pin=U1-28
Added Pin To Net: NetName=VCC Pin=U2-6
Added Pin To Net: NetName=VCC Pin=U3-16
Added Pin To Net: NetName=VCC Pin=U4-3
Added Pin To Net: NetName=VCC Pin=U5-14
Added Pin To Net: NetName=VCC Pin=U6-3
Added Pin To Net: NetName=VCC Pin=USB1-1
Added Net: Name=VCC
Added Pin To Net: NetName=VH Pin=C3-2
Added Pin To Net: NetName=VH Pin=D1-K
Added Pin To Net: NetName=VH Pin=EC1-1
Added Pin To Net: NetName=VH Pin=R5-2
Added Pin To Net: NetName=VH Pin=U1-1
Added Net: Name=VH
Added Class: Name=IV18InCase
Added Room: Name=IV18InCase
